<?xml version="1.0" encoding="UTF-8"?>
<!-- Generated by org.testng.reporters.JUnitReportReporter -->
<testsuite skipped="0" hostname="MBA.local" name="POMDemo.POMDemo.LoginToGmail2" tests="1" failures="0" timestamp="12 Apr 2018 03:33:56 GMT" time="10.254" errors="0">
  <testcase name="login1" time="10.254" classname="POMDemo.POMDemo.LoginToGmail2"/>
</testsuite> <!-- POMDemo.POMDemo.LoginToGmail2 -->
