<?xml version="1.0" encoding="UTF-8"?>
<!-- Generated by org.testng.reporters.JUnitReportReporter -->
<testsuite skipped="0" hostname="hp-PC" name="util.MyTest" tests="1" failures="0" timestamp="11 Apr 2018 03:53:24 GMT" time="13.871" errors="0">
  <testcase name="testPageObject" time="13.871" classname="util.MyTest"/>
</testsuite> <!-- util.MyTest -->
