<?xml version="1.0" encoding="UTF-8"?>
<!-- Generated by org.testng.reporters.JUnitReportReporter -->
<testsuite skipped="0" hostname="MBA.local" name="annotationExamples.TestNG" tests="1" failures="0" timestamp="29 Mar 2018 03:09:07 GMT" time="0.017" errors="0">
  <testcase name="div1" time="0.017" classname="annotationExamples.TestNG"/>
</testsuite> <!-- annotationExamples.TestNG -->
