<?xml version="1.0" encoding="UTF-8"?>
<!-- Generated by org.testng.reporters.JUnitReportReporter -->
<testsuite skipped="0" hostname="MBA.local" name="annotationExamples.Registration2" tests="4" failures="0" timestamp="29 Mar 2018 04:02:01 GMT" time="0.031" errors="0">
  <testcase name="SetUp" time="0.002" classname="annotationExamples.Registration2"/>
  <testcase name="togIn" time="0.002" classname="annotationExamples.Registration2"/>
  <testcase name="LogOut" time="0.022" classname="annotationExamples.Registration2"/>
  <testcase name="Regi" time="0.005" classname="annotationExamples.Registration2"/>
</testsuite> <!-- annotationExamples.Registration2 -->
