<?xml version="1.0" encoding="UTF-8"?>
<!-- Generated by org.testng.reporters.JUnitReportReporter -->
<testsuite skipped="1" hostname="MBA.local" name="annotationExamples.BasicAnnotation4" tests="4" failures="0" timestamp="29 Mar 2018 03:37:49 GMT" time="0.022" errors="0">
  <testcase name="sub" time="0.001" classname="annotationExamples.BasicAnnotation4"/>
  <testcase name="add" time="0.019" classname="annotationExamples.BasicAnnotation4"/>
  <testcase name="div" time="0.002" classname="annotationExamples.BasicAnnotation4"/>
  <testcase name="mul" classname="annotationExamples.BasicAnnotation4">
    <skipped/>
  </testcase> <!-- mul -->
</testsuite> <!-- annotationExamples.BasicAnnotation4 -->
