<?xml version="1.0" encoding="UTF-8"?>
<!-- Generated by org.testng.reporters.JUnitReportReporter -->
<testsuite skipped="0" hostname="MBA.local" name="annotationExamples.BasicAnnotation2" tests="4" failures="0" timestamp="29 Mar 2018 03:30:51 GMT" time="0.027" errors="0">
  <testcase name="add" time="0.018" classname="annotationExamples.BasicAnnotation2"/>
  <testcase name="sub" time="0.004" classname="annotationExamples.BasicAnnotation2"/>
  <testcase name="mul" time="0.002" classname="annotationExamples.BasicAnnotation2"/>
  <testcase name="div" time="0.003" classname="annotationExamples.BasicAnnotation2"/>
</testsuite> <!-- annotationExamples.BasicAnnotation2 -->
