<?xml version="1.0" encoding="UTF-8"?>
<!-- Generated by org.testng.reporters.JUnitReportReporter -->
<testsuite skipped="0" hostname="MBA.local" name="annotationExamples.BasicAnnotation3" tests="4" failures="0" timestamp="29 Mar 2018 03:36:34 GMT" time="0.020" errors="0">
  <testcase name="mul" time="0.001" classname="annotationExamples.BasicAnnotation3"/>
  <testcase name="sub" time="0.002" classname="annotationExamples.BasicAnnotation3"/>
  <testcase name="add" time="0.014" classname="annotationExamples.BasicAnnotation3"/>
  <testcase name="div" time="0.003" classname="annotationExamples.BasicAnnotation3"/>
</testsuite> <!-- annotationExamples.BasicAnnotation3 -->
