<?xml version="1.0" encoding="UTF-8"?>
<!-- Generated by org.testng.reporters.JUnitReportReporter -->
<testsuite skipped="0" hostname="MBA.local" name="annotationExamples.FacebookLogin" tests="3" failures="0" timestamp="03 Apr 2018 10:33:40 GMT" time="19.241" errors="0">
  <testcase name="Login" time="8.440" classname="annotationExamples.FacebookLogin"/>
  <testcase name="messageAchint" time="2.396" classname="annotationExamples.FacebookLogin"/>
  <testcase name="Logout" time="8.405" classname="annotationExamples.FacebookLogin"/>
</testsuite> <!-- annotationExamples.FacebookLogin -->
