<?xml version="1.0" encoding="UTF-8"?>
<!-- Generated by org.testng.reporters.JUnitReportReporter -->
<testsuite skipped="0" hostname="MBA.local" name="annotationExamples.Registration" tests="4" failures="0" timestamp="16 Apr 2018 04:13:09 GMT" time="0.019" errors="0">
  <testcase name="SetUp" time="0.002" classname="annotationExamples.Registration"/>
  <testcase name="LogOut" time="0.001" classname="annotationExamples.Registration"/>
  <testcase name="LogIn" time="0.015" classname="annotationExamples.Registration"/>
  <testcase name="Regi" time="0.001" classname="annotationExamples.Registration"/>
</testsuite> <!-- annotationExamples.Registration -->
