<?xml version="1.0" encoding="UTF-8"?>
<!-- Generated by org.testng.reporters.JUnitReportReporter -->
<testsuite skipped="0" hostname="MBA.local" name="annotationExamples.BasicAnnotation" tests="4" failures="0" timestamp="29 Mar 2018 03:26:06 GMT" time="0.030" errors="0">
  <testcase name="amu1" time="0.003" classname="annotationExamples.BasicAnnotation"/>
  <testcase name="Amu1" time="0.017" classname="annotationExamples.BasicAnnotation"/>
  <testcase name="add" time="0.002" classname="annotationExamples.BasicAnnotation"/>
  <testcase name="sub" time="0.008" classname="annotationExamples.BasicAnnotation"/>
</testsuite> <!-- annotationExamples.BasicAnnotation -->
